==> [task 1] pdb_id=ADK
==> writing JSON: /mnt/gs21/scratch/garlan70/af3/inputs/ADK.json
==> running AF3 in /mnt/gs21/scratch/garlan70/af3/outputs/ADK
Running AlphaFold 3. Please note that standard AlphaFold 3 model parameters are
only available under terms of use provided at
https://github.com/google-deepmind/alphafold3/blob/main/WEIGHTS_TERMS_OF_USE.md.
If you do not agree to these terms and are using AlphaFold 3 derived model
parameters, cancel execution of AlphaFold 3 inference with CTRL-C, and do not
use the model parameters.
Found local devices: [CudaDevice(id=0)]
Building model from scratch...
Processing fold inputs.
Processing fold input #1
Processing fold input ADK
Output directory /root/af_output/ADK/adk exists and non-empty, using instead  /root/af_output/ADK/adk_20260325_165233.
Checking we can load the model parameters...
Running data pipeline...
Processing chain A
Processing chain A took 0.00 seconds
Processing chain B
Processing chain B took 0.00 seconds
Output directory: /root/af_output/ADK/adk_20260325_165233
Writing model input JSON to /root/af_output/ADK/adk_20260325_165233
Predicting 3D structure for ADK for seed(s) (2063740159, 2063740160, 2063740161, 2063740162, 2063740163, 2063740164, 2063740165, 2063740166, 2063740167, 2063740168, 2063740169, 2063740170, 2063740171, 2063740172, 2063740173, 2063740174, 2063740175, 2063740176, 2063740177, 2063740178)...
Featurising data for seeds (2063740159, 2063740160, 2063740161, 2063740162, 2063740163, 2063740164, 2063740165, 2063740166, 2063740167, 2063740168, 2063740169, 2063740170, 2063740171, 2063740172, 2063740173, 2063740174, 2063740175, 2063740176, 2063740177, 2063740178)...
Featurising ADK with rng_seed 2063740159.
Featurising ADK with rng_seed 2063740159 took 2.44 seconds.
Featurising ADK with rng_seed 2063740160.
Featurising ADK with rng_seed 2063740160 took 2.47 seconds.
Featurising ADK with rng_seed 2063740161.
Featurising ADK with rng_seed 2063740161 took 2.42 seconds.
Featurising ADK with rng_seed 2063740162.
Featurising ADK with rng_seed 2063740162 took 2.46 seconds.
Featurising ADK with rng_seed 2063740163.
Featurising ADK with rng_seed 2063740163 took 2.43 seconds.
Featurising ADK with rng_seed 2063740164.
Featurising ADK with rng_seed 2063740164 took 2.44 seconds.
Featurising ADK with rng_seed 2063740165.
Featurising ADK with rng_seed 2063740165 took 2.42 seconds.
Featurising ADK with rng_seed 2063740166.
Featurising ADK with rng_seed 2063740166 took 2.45 seconds.
Featurising ADK with rng_seed 2063740167.
Featurising ADK with rng_seed 2063740167 took 2.41 seconds.
Featurising ADK with rng_seed 2063740168.
Featurising ADK with rng_seed 2063740168 took 2.40 seconds.
Featurising ADK with rng_seed 2063740169.
Featurising ADK with rng_seed 2063740169 took 2.44 seconds.
Featurising ADK with rng_seed 2063740170.
Featurising ADK with rng_seed 2063740170 took 2.45 seconds.
Featurising ADK with rng_seed 2063740171.
Featurising ADK with rng_seed 2063740171 took 2.40 seconds.
Featurising ADK with rng_seed 2063740172.
Featurising ADK with rng_seed 2063740172 took 2.45 seconds.
Featurising ADK with rng_seed 2063740173.
Featurising ADK with rng_seed 2063740173 took 2.41 seconds.
Featurising ADK with rng_seed 2063740174.
Featurising ADK with rng_seed 2063740174 took 2.41 seconds.
Featurising ADK with rng_seed 2063740175.
Featurising ADK with rng_seed 2063740175 took 2.39 seconds.
Featurising ADK with rng_seed 2063740176.
Featurising ADK with rng_seed 2063740176 took 2.43 seconds.
Featurising ADK with rng_seed 2063740177.
Featurising ADK with rng_seed 2063740177 took 2.42 seconds.
Featurising ADK with rng_seed 2063740178.
Featurising ADK with rng_seed 2063740178 took 2.43 seconds.
Featurising data for seeds (2063740159, 2063740160, 2063740161, 2063740162, 2063740163, 2063740164, 2063740165, 2063740166, 2063740167, 2063740168, 2063740169, 2063740170, 2063740171, 2063740172, 2063740173, 2063740174, 2063740175, 2063740176, 2063740177, 2063740178) took  55.01 seconds.
Running model inference for seed 2063740159...
Running model inference for seed 2063740159 took  40.56 seconds.
Extracting output structures (one per sample) for seed 2063740159...
Extracting output structures (one per sample) for seed 2063740159 took  0.22 seconds.
Running model inference and extracting output structures for seed 2063740159 took  40.78 seconds.
Running model inference for seed 2063740160...
Running model inference for seed 2063740160 took  7.81 seconds.
Extracting output structures (one per sample) for seed 2063740160...
Extracting output structures (one per sample) for seed 2063740160 took  0.20 seconds.
Running model inference and extracting output structures for seed 2063740160 took  8.01 seconds.
Running model inference for seed 2063740161...
Running model inference for seed 2063740161 took  7.82 seconds.
Extracting output structures (one per sample) for seed 2063740161...
Extracting output structures (one per sample) for seed 2063740161 took  0.20 seconds.
Running model inference and extracting output structures for seed 2063740161 took  8.02 seconds.
Running model inference for seed 2063740162...
Running model inference for seed 2063740162 took  7.82 seconds.
Extracting output structures (one per sample) for seed 2063740162...
Extracting output structures (one per sample) for seed 2063740162 took  0.20 seconds.
Running model inference and extracting output structures for seed 2063740162 took  8.02 seconds.
Running model inference for seed 2063740163...
Running model inference for seed 2063740163 took  7.81 seconds.
Extracting output structures (one per sample) for seed 2063740163...
Extracting output structures (one per sample) for seed 2063740163 took  0.20 seconds.
Running model inference and extracting output structures for seed 2063740163 took  8.02 seconds.
Running model inference for seed 2063740164...
Running model inference for seed 2063740164 took  7.81 seconds.
Extracting output structures (one per sample) for seed 2063740164...
Extracting output structures (one per sample) for seed 2063740164 took  0.40 seconds.
Running model inference and extracting output structures for seed 2063740164 took  8.21 seconds.
Running model inference for seed 2063740165...
Running model inference for seed 2063740165 took  7.81 seconds.
Extracting output structures (one per sample) for seed 2063740165...
Extracting output structures (one per sample) for seed 2063740165 took  0.21 seconds.
Running model inference and extracting output structures for seed 2063740165 took  8.02 seconds.
Running model inference for seed 2063740166...
Running model inference for seed 2063740166 took  7.81 seconds.
Extracting output structures (one per sample) for seed 2063740166...
Extracting output structures (one per sample) for seed 2063740166 took  0.20 seconds.
Running model inference and extracting output structures for seed 2063740166 took  8.01 seconds.
Running model inference for seed 2063740167...
Running model inference for seed 2063740167 took  7.81 seconds.
Extracting output structures (one per sample) for seed 2063740167...
Extracting output structures (one per sample) for seed 2063740167 took  0.20 seconds.
Running model inference and extracting output structures for seed 2063740167 took  8.01 seconds.
Running model inference for seed 2063740168...
Running model inference for seed 2063740168 took  7.82 seconds.
Extracting output structures (one per sample) for seed 2063740168...
Extracting output structures (one per sample) for seed 2063740168 took  0.20 seconds.
Running model inference and extracting output structures for seed 2063740168 took  8.02 seconds.
Running model inference for seed 2063740169...
Running model inference for seed 2063740169 took  7.81 seconds.
Extracting output structures (one per sample) for seed 2063740169...
Extracting output structures (one per sample) for seed 2063740169 took  0.20 seconds.
Running model inference and extracting output structures for seed 2063740169 took  8.01 seconds.
Running model inference for seed 2063740170...
Running model inference for seed 2063740170 took  7.81 seconds.
Extracting output structures (one per sample) for seed 2063740170...
Extracting output structures (one per sample) for seed 2063740170 took  0.20 seconds.
Running model inference and extracting output structures for seed 2063740170 took  8.01 seconds.
Running model inference for seed 2063740171...
Running model inference for seed 2063740171 took  7.81 seconds.
Extracting output structures (one per sample) for seed 2063740171...
Extracting output structures (one per sample) for seed 2063740171 took  0.20 seconds.
Running model inference and extracting output structures for seed 2063740171 took  8.01 seconds.
Running model inference for seed 2063740172...
Running model inference for seed 2063740172 took  7.82 seconds.
Extracting output structures (one per sample) for seed 2063740172...
Extracting output structures (one per sample) for seed 2063740172 took  0.20 seconds.
Running model inference and extracting output structures for seed 2063740172 took  8.02 seconds.
Running model inference for seed 2063740173...
Running model inference for seed 2063740173 took  7.81 seconds.
Extracting output structures (one per sample) for seed 2063740173...
Extracting output structures (one per sample) for seed 2063740173 took  0.20 seconds.
Running model inference and extracting output structures for seed 2063740173 took  8.01 seconds.
Running model inference for seed 2063740174...
Running model inference for seed 2063740174 took  7.81 seconds.
Extracting output structures (one per sample) for seed 2063740174...
Extracting output structures (one per sample) for seed 2063740174 took  0.20 seconds.
Running model inference and extracting output structures for seed 2063740174 took  8.01 seconds.
Running model inference for seed 2063740175...
Running model inference for seed 2063740175 took  7.81 seconds.
Extracting output structures (one per sample) for seed 2063740175...
Extracting output structures (one per sample) for seed 2063740175 took  0.20 seconds.
Running model inference and extracting output structures for seed 2063740175 took  8.01 seconds.
Running model inference for seed 2063740176...
Running model inference for seed 2063740176 took  7.82 seconds.
Extracting output structures (one per sample) for seed 2063740176...
Extracting output structures (one per sample) for seed 2063740176 took  0.20 seconds.
Running model inference and extracting output structures for seed 2063740176 took  8.02 seconds.
Running model inference for seed 2063740177...
Running model inference for seed 2063740177 took  7.81 seconds.
Extracting output structures (one per sample) for seed 2063740177...
Extracting output structures (one per sample) for seed 2063740177 took  0.20 seconds.
Running model inference and extracting output structures for seed 2063740177 took  8.01 seconds.
Running model inference for seed 2063740178...
Running model inference for seed 2063740178 took  7.81 seconds.
Extracting output structures (one per sample) for seed 2063740178...
Extracting output structures (one per sample) for seed 2063740178 took  0.20 seconds.
Running model inference and extracting output structures for seed 2063740178 took  8.01 seconds.
Running model inference and extracting output structures for seeds (2063740159, 2063740160, 2063740161, 2063740162, 2063740163, 2063740164, 2063740165, 2063740166, 2063740167, 2063740168, 2063740169, 2063740170, 2063740171, 2063740172, 2063740173, 2063740174, 2063740175, 2063740176, 2063740177, 2063740178) took  193.27 seconds.
Writing outputs for ADK for seed(s) (2063740159, 2063740160, 2063740161, 2063740162, 2063740163, 2063740164, 2063740165, 2063740166, 2063740167, 2063740168, 2063740169, 2063740170, 2063740171, 2063740172, 2063740173, 2063740174, 2063740175, 2063740176, 2063740177, 2063740178)...
Done processing fold input ADK.
Done processing 1 fold inputs.
