I0325 16:52:32.663385 23320800829440 folding_input.py:1044] Detected /root/af_input/ADK.json is an AlphaFold 3 JSON since the top-level is not a list.
I0325 16:52:33.466053 23320800829440 xla_bridge.py:895] Unable to initialize backend 'rocm': module 'jaxlib.xla_extension' has no attribute 'GpuAllocatorConfig'
I0325 16:52:33.481667 23320800829440 xla_bridge.py:895] Unable to initialize backend 'tpu': INTERNAL: Failed to open libtpu.so: libtpu.so: cannot open shared object file: No such file or directory
I0325 16:52:39.162992 23320800829440 pipeline.py:404] Skipping MSA and template search for protein chain A because it already has MSAs and templates.
I0325 16:52:45.602094 23320800829440 pipeline.py:165] processing ADK, random_seed=2063740159
I0325 16:52:45.624753 23320800829440 pipeline.py:258] Calculating bucket size for input with 245 tokens.
I0325 16:52:45.624898 23320800829440 pipeline.py:264] Got bucket size 256 for input with 245 tokens, resulting in 11 padded tokens.
I0325 16:52:46.828510 23320800829440 features.py:1499] Success constructing SMILES reference structure for: LIG_B
I0325 16:52:47.978168 23320800829440 features.py:1499] Success constructing SMILES reference structure for: LIG_B
I0325 16:52:48.038649 23320800829440 pipeline.py:165] processing ADK, random_seed=2063740160
I0325 16:52:48.054602 23320800829440 pipeline.py:258] Calculating bucket size for input with 245 tokens.
I0325 16:52:48.054691 23320800829440 pipeline.py:264] Got bucket size 256 for input with 245 tokens, resulting in 11 padded tokens.
I0325 16:52:49.271328 23320800829440 features.py:1499] Success constructing SMILES reference structure for: LIG_B
I0325 16:52:50.454885 23320800829440 features.py:1499] Success constructing SMILES reference structure for: LIG_B
I0325 16:52:50.510925 23320800829440 pipeline.py:165] processing ADK, random_seed=2063740161
I0325 16:52:50.526644 23320800829440 pipeline.py:258] Calculating bucket size for input with 245 tokens.
I0325 16:52:50.526729 23320800829440 pipeline.py:264] Got bucket size 256 for input with 245 tokens, resulting in 11 padded tokens.
I0325 16:52:51.705226 23320800829440 features.py:1499] Success constructing SMILES reference structure for: LIG_B
I0325 16:52:52.877300 23320800829440 features.py:1499] Success constructing SMILES reference structure for: LIG_B
I0325 16:52:52.933284 23320800829440 pipeline.py:165] processing ADK, random_seed=2063740162
I0325 16:52:52.949083 23320800829440 pipeline.py:258] Calculating bucket size for input with 245 tokens.
I0325 16:52:52.949167 23320800829440 pipeline.py:264] Got bucket size 256 for input with 245 tokens, resulting in 11 padded tokens.
I0325 16:52:54.160686 23320800829440 features.py:1499] Success constructing SMILES reference structure for: LIG_B
I0325 16:52:55.339488 23320800829440 features.py:1499] Success constructing SMILES reference structure for: LIG_B
I0325 16:52:55.395560 23320800829440 pipeline.py:165] processing ADK, random_seed=2063740163
I0325 16:52:55.411188 23320800829440 pipeline.py:258] Calculating bucket size for input with 245 tokens.
I0325 16:52:55.411272 23320800829440 pipeline.py:264] Got bucket size 256 for input with 245 tokens, resulting in 11 padded tokens.
I0325 16:52:56.600807 23320800829440 features.py:1499] Success constructing SMILES reference structure for: LIG_B
I0325 16:52:57.767225 23320800829440 features.py:1499] Success constructing SMILES reference structure for: LIG_B
I0325 16:52:57.822949 23320800829440 pipeline.py:165] processing ADK, random_seed=2063740164
I0325 16:52:57.838668 23320800829440 pipeline.py:258] Calculating bucket size for input with 245 tokens.
I0325 16:52:57.838752 23320800829440 pipeline.py:264] Got bucket size 256 for input with 245 tokens, resulting in 11 padded tokens.
I0325 16:52:59.035032 23320800829440 features.py:1499] Success constructing SMILES reference structure for: LIG_B
I0325 16:53:00.203292 23320800829440 features.py:1499] Success constructing SMILES reference structure for: LIG_B
I0325 16:53:00.265460 23320800829440 pipeline.py:165] processing ADK, random_seed=2063740165
I0325 16:53:00.281664 23320800829440 pipeline.py:258] Calculating bucket size for input with 245 tokens.
I0325 16:53:00.281754 23320800829440 pipeline.py:264] Got bucket size 256 for input with 245 tokens, resulting in 11 padded tokens.
I0325 16:53:01.471981 23320800829440 features.py:1499] Success constructing SMILES reference structure for: LIG_B
I0325 16:53:02.630611 23320800829440 features.py:1499] Success constructing SMILES reference structure for: LIG_B
I0325 16:53:02.686475 23320800829440 pipeline.py:165] processing ADK, random_seed=2063740166
I0325 16:53:02.702429 23320800829440 pipeline.py:258] Calculating bucket size for input with 245 tokens.
I0325 16:53:02.702518 23320800829440 pipeline.py:264] Got bucket size 256 for input with 245 tokens, resulting in 11 padded tokens.
I0325 16:53:03.918938 23320800829440 features.py:1499] Success constructing SMILES reference structure for: LIG_B
I0325 16:53:05.077999 23320800829440 features.py:1499] Success constructing SMILES reference structure for: LIG_B
I0325 16:53:05.133746 23320800829440 pipeline.py:165] processing ADK, random_seed=2063740167
I0325 16:53:05.149325 23320800829440 pipeline.py:258] Calculating bucket size for input with 245 tokens.
I0325 16:53:05.149408 23320800829440 pipeline.py:264] Got bucket size 256 for input with 245 tokens, resulting in 11 padded tokens.
I0325 16:53:06.328545 23320800829440 features.py:1499] Success constructing SMILES reference structure for: LIG_B
I0325 16:53:07.490818 23320800829440 features.py:1499] Success constructing SMILES reference structure for: LIG_B
I0325 16:53:07.548345 23320800829440 pipeline.py:165] processing ADK, random_seed=2063740168
I0325 16:53:07.564357 23320800829440 pipeline.py:258] Calculating bucket size for input with 245 tokens.
I0325 16:53:07.564440 23320800829440 pipeline.py:264] Got bucket size 256 for input with 245 tokens, resulting in 11 padded tokens.
I0325 16:53:08.733158 23320800829440 features.py:1499] Success constructing SMILES reference structure for: LIG_B
I0325 16:53:09.892335 23320800829440 features.py:1499] Success constructing SMILES reference structure for: LIG_B
I0325 16:53:09.950676 23320800829440 pipeline.py:165] processing ADK, random_seed=2063740169
I0325 16:53:09.966632 23320800829440 pipeline.py:258] Calculating bucket size for input with 245 tokens.
I0325 16:53:09.966717 23320800829440 pipeline.py:264] Got bucket size 256 for input with 245 tokens, resulting in 11 padded tokens.
I0325 16:53:11.178618 23320800829440 features.py:1499] Success constructing SMILES reference structure for: LIG_B
I0325 16:53:12.334761 23320800829440 features.py:1499] Success constructing SMILES reference structure for: LIG_B
I0325 16:53:12.390396 23320800829440 pipeline.py:165] processing ADK, random_seed=2063740170
I0325 16:53:12.406823 23320800829440 pipeline.py:258] Calculating bucket size for input with 245 tokens.
I0325 16:53:12.406903 23320800829440 pipeline.py:264] Got bucket size 256 for input with 245 tokens, resulting in 11 padded tokens.
I0325 16:53:13.616668 23320800829440 features.py:1499] Success constructing SMILES reference structure for: LIG_B
I0325 16:53:14.782133 23320800829440 features.py:1499] Success constructing SMILES reference structure for: LIG_B
I0325 16:53:14.837888 23320800829440 pipeline.py:165] processing ADK, random_seed=2063740171
I0325 16:53:14.853606 23320800829440 pipeline.py:258] Calculating bucket size for input with 245 tokens.
I0325 16:53:14.853687 23320800829440 pipeline.py:264] Got bucket size 256 for input with 245 tokens, resulting in 11 padded tokens.
I0325 16:53:16.021333 23320800829440 features.py:1499] Success constructing SMILES reference structure for: LIG_B
I0325 16:53:17.186500 23320800829440 features.py:1499] Success constructing SMILES reference structure for: LIG_B
I0325 16:53:17.242117 23320800829440 pipeline.py:165] processing ADK, random_seed=2063740172
I0325 16:53:17.257852 23320800829440 pipeline.py:258] Calculating bucket size for input with 245 tokens.
I0325 16:53:17.257932 23320800829440 pipeline.py:264] Got bucket size 256 for input with 245 tokens, resulting in 11 padded tokens.
I0325 16:53:18.473842 23320800829440 features.py:1499] Success constructing SMILES reference structure for: LIG_B
I0325 16:53:19.632038 23320800829440 features.py:1499] Success constructing SMILES reference structure for: LIG_B
I0325 16:53:19.687663 23320800829440 pipeline.py:165] processing ADK, random_seed=2063740173
I0325 16:53:19.703710 23320800829440 pipeline.py:258] Calculating bucket size for input with 245 tokens.
I0325 16:53:19.703792 23320800829440 pipeline.py:264] Got bucket size 256 for input with 245 tokens, resulting in 11 padded tokens.
I0325 16:53:20.879008 23320800829440 features.py:1499] Success constructing SMILES reference structure for: LIG_B
I0325 16:53:22.040469 23320800829440 features.py:1499] Success constructing SMILES reference structure for: LIG_B
I0325 16:53:22.096475 23320800829440 pipeline.py:165] processing ADK, random_seed=2063740174
I0325 16:53:22.112458 23320800829440 pipeline.py:258] Calculating bucket size for input with 245 tokens.
I0325 16:53:22.112537 23320800829440 pipeline.py:264] Got bucket size 256 for input with 245 tokens, resulting in 11 padded tokens.
I0325 16:53:23.286297 23320800829440 features.py:1499] Success constructing SMILES reference structure for: LIG_B
I0325 16:53:24.453474 23320800829440 features.py:1499] Success constructing SMILES reference structure for: LIG_B
I0325 16:53:24.509530 23320800829440 pipeline.py:165] processing ADK, random_seed=2063740175
I0325 16:53:24.525263 23320800829440 pipeline.py:258] Calculating bucket size for input with 245 tokens.
I0325 16:53:24.525342 23320800829440 pipeline.py:264] Got bucket size 256 for input with 245 tokens, resulting in 11 padded tokens.
I0325 16:53:25.678473 23320800829440 features.py:1499] Success constructing SMILES reference structure for: LIG_B
I0325 16:53:26.846279 23320800829440 features.py:1499] Success constructing SMILES reference structure for: LIG_B
I0325 16:53:26.902115 23320800829440 pipeline.py:165] processing ADK, random_seed=2063740176
I0325 16:53:26.917850 23320800829440 pipeline.py:258] Calculating bucket size for input with 245 tokens.
I0325 16:53:26.917932 23320800829440 pipeline.py:264] Got bucket size 256 for input with 245 tokens, resulting in 11 padded tokens.
I0325 16:53:28.115312 23320800829440 features.py:1499] Success constructing SMILES reference structure for: LIG_B
I0325 16:53:29.275423 23320800829440 features.py:1499] Success constructing SMILES reference structure for: LIG_B
I0325 16:53:29.331284 23320800829440 pipeline.py:165] processing ADK, random_seed=2063740177
I0325 16:53:29.347157 23320800829440 pipeline.py:258] Calculating bucket size for input with 245 tokens.
I0325 16:53:29.347237 23320800829440 pipeline.py:264] Got bucket size 256 for input with 245 tokens, resulting in 11 padded tokens.
I0325 16:53:30.544860 23320800829440 features.py:1499] Success constructing SMILES reference structure for: LIG_B
I0325 16:53:31.700510 23320800829440 features.py:1499] Success constructing SMILES reference structure for: LIG_B
I0325 16:53:31.756183 23320800829440 pipeline.py:165] processing ADK, random_seed=2063740178
I0325 16:53:31.771788 23320800829440 pipeline.py:258] Calculating bucket size for input with 245 tokens.
I0325 16:53:31.771872 23320800829440 pipeline.py:264] Got bucket size 256 for input with 245 tokens, resulting in 11 padded tokens.
I0325 16:53:32.963419 23320800829440 features.py:1499] Success constructing SMILES reference structure for: LIG_B
I0325 16:53:34.126555 23320800829440 features.py:1499] Success constructing SMILES reference structure for: LIG_B
